[0.359s] Invoking command in '/home/ashmit/major_project/edge_detector': PYTHONPATH=/home/ashmit/major_project/build/edge_detector/prefix_override:/home/ashmit/major_project/install/edge_detector/lib/python3.10/site-packages:${PYTHONPATH} /usr/bin/python3 setup.py egg_info --egg-base ../build/edge_detector build --build-base /home/ashmit/major_project/build/edge_detector/build install --record /home/ashmit/major_project/build/edge_detector/install.log --single-version-externally-managed
[0.499s] running egg_info
[0.500s] creating ../build/edge_detector/edge_detector.egg-info
[0.500s] writing ../build/edge_detector/edge_detector.egg-info/PKG-INFO
[0.500s] writing dependency_links to ../build/edge_detector/edge_detector.egg-info/dependency_links.txt
[0.500s] writing entry points to ../build/edge_detector/edge_detector.egg-info/entry_points.txt
[0.500s] writing requirements to ../build/edge_detector/edge_detector.egg-info/requires.txt
[0.500s] writing top-level names to ../build/edge_detector/edge_detector.egg-info/top_level.txt
[0.500s] writing manifest file '../build/edge_detector/edge_detector.egg-info/SOURCES.txt'
[0.501s] reading manifest file '../build/edge_detector/edge_detector.egg-info/SOURCES.txt'
[0.502s] writing manifest file '../build/edge_detector/edge_detector.egg-info/SOURCES.txt'
[0.502s] running build
[0.502s] running build_py
[0.502s] creating /home/ashmit/major_project/build/edge_detector/build
[0.502s] creating /home/ashmit/major_project/build/edge_detector/build/lib
[0.502s] creating /home/ashmit/major_project/build/edge_detector/build/lib/edge_detector
[0.502s] copying edge_detector/__init__.py -> /home/ashmit/major_project/build/edge_detector/build/lib/edge_detector
[0.502s] copying edge_detector/edge_detector.py -> /home/ashmit/major_project/build/edge_detector/build/lib/edge_detector
[0.502s] running install
[0.502s] /usr/lib/python3/dist-packages/setuptools/command/install.py:34: SetuptoolsDeprecationWarning: setup.py install is deprecated. Use build and pip and other standards-based tools.
[0.502s]   warnings.warn(
[0.502s] running install_lib
[0.503s] creating /home/ashmit/major_project/install/edge_detector/lib/python3.10/site-packages/edge_detector
[0.503s] copying /home/ashmit/major_project/build/edge_detector/build/lib/edge_detector/__init__.py -> /home/ashmit/major_project/install/edge_detector/lib/python3.10/site-packages/edge_detector
[0.503s] copying /home/ashmit/major_project/build/edge_detector/build/lib/edge_detector/edge_detector.py -> /home/ashmit/major_project/install/edge_detector/lib/python3.10/site-packages/edge_detector
[0.503s] byte-compiling /home/ashmit/major_project/install/edge_detector/lib/python3.10/site-packages/edge_detector/__init__.py to __init__.cpython-310.pyc
[0.503s] byte-compiling /home/ashmit/major_project/install/edge_detector/lib/python3.10/site-packages/edge_detector/edge_detector.py to edge_detector.cpython-310.pyc
[0.503s] running install_data
[0.504s] creating /home/ashmit/major_project/install/edge_detector/share/ament_index
[0.504s] creating /home/ashmit/major_project/install/edge_detector/share/ament_index/resource_index
[0.504s] creating /home/ashmit/major_project/install/edge_detector/share/ament_index/resource_index/packages
[0.504s] copying resource/edge_detector -> /home/ashmit/major_project/install/edge_detector/share/ament_index/resource_index/packages
[0.504s] copying package.xml -> /home/ashmit/major_project/install/edge_detector/share/edge_detector
[0.504s] running install_egg_info
[0.505s] Copying ../build/edge_detector/edge_detector.egg-info to /home/ashmit/major_project/install/edge_detector/lib/python3.10/site-packages/edge_detector-0.0.0-py3.10.egg-info
[0.505s] running install_scripts
[0.517s] Installing processor script to /home/ashmit/major_project/install/edge_detector/lib/edge_detector
[0.518s] writing list of installed files to '/home/ashmit/major_project/build/edge_detector/install.log'
[0.532s] Invoked command in '/home/ashmit/major_project/edge_detector' returned '0': PYTHONPATH=/home/ashmit/major_project/build/edge_detector/prefix_override:/home/ashmit/major_project/install/edge_detector/lib/python3.10/site-packages:${PYTHONPATH} /usr/bin/python3 setup.py egg_info --egg-base ../build/edge_detector build --build-base /home/ashmit/major_project/build/edge_detector/build install --record /home/ashmit/major_project/build/edge_detector/install.log --single-version-externally-managed
