[0.192s] DEBUG:colcon:Command line arguments: ['/usr/bin/colcon', 'build']
[0.192s] DEBUG:colcon:Parsed command line arguments: Namespace(log_base=None, log_level=None, verb_name='build', build_base='build', install_base='install', merge_install=False, symlink_install=False, test_result_base=None, continue_on_error=False, executor='parallel', parallel_workers=12, event_handlers=None, ignore_user_meta=False, metas=['./colcon.meta'], base_paths=['.'], packages_ignore=None, packages_ignore_regex=None, paths=None, packages_up_to=None, packages_up_to_regex=None, packages_above=None, packages_above_and_dependencies=None, packages_above_depth=None, packages_select_by_dep=None, packages_skip_by_dep=None, packages_skip_up_to=None, packages_select_build_failed=False, packages_skip_build_finished=False, packages_select_test_failures=False, packages_skip_test_passed=False, packages_select=None, packages_skip=None, packages_select_regex=None, packages_skip_regex=None, packages_start=None, packages_end=None, allow_overriding=[], cmake_args=None, cmake_target=None, cmake_target_skip_unavailable=False, cmake_clean_cache=False, cmake_clean_first=False, cmake_force_configure=False, ament_cmake_args=None, catkin_cmake_args=None, catkin_skip_building_tests=False, verb_parser=<colcon_defaults.argument_parser.defaults.DefaultArgumentsDecorator object at 0x7f51c7fce9e0>, verb_extension=<colcon_core.verb.build.BuildVerb object at 0x7f51c8017d60>, main=<bound method BuildVerb.main of <colcon_core.verb.build.BuildVerb object at 0x7f51c8017d60>>)
[0.211s] Level 1:colcon.colcon_core.package_discovery:discover_packages(colcon_meta) check parameters
[0.211s] Level 1:colcon.colcon_core.package_discovery:discover_packages(recursive) check parameters
[0.211s] Level 1:colcon.colcon_core.package_discovery:discover_packages(ignore) check parameters
[0.211s] Level 1:colcon.colcon_core.package_discovery:discover_packages(path) check parameters
[0.211s] Level 1:colcon.colcon_core.package_discovery:discover_packages(colcon_meta) discover
[0.211s] Level 1:colcon.colcon_core.package_discovery:discover_packages(recursive) discover
[0.211s] INFO:colcon.colcon_core.package_discovery:Crawling recursively for packages in '/home/ashmit/major_project'
[0.211s] Level 1:colcon.colcon_core.package_identification:_identify(.) by extensions ['ignore', 'ignore_ament_install']
[0.211s] Level 1:colcon.colcon_core.package_identification:_identify(.) by extension 'ignore'
[0.211s] Level 1:colcon.colcon_core.package_identification:_identify(.) by extension 'ignore_ament_install'
[0.212s] Level 1:colcon.colcon_core.package_identification:_identify(.) by extensions ['colcon_pkg']
[0.212s] Level 1:colcon.colcon_core.package_identification:_identify(.) by extension 'colcon_pkg'
[0.212s] Level 1:colcon.colcon_core.package_identification:_identify(.) by extensions ['colcon_meta']
[0.212s] Level 1:colcon.colcon_core.package_identification:_identify(.) by extension 'colcon_meta'
[0.212s] Level 1:colcon.colcon_core.package_identification:_identify(.) by extensions ['ros']
[0.212s] Level 1:colcon.colcon_core.package_identification:_identify(.) by extension 'ros'
[0.218s] Level 1:colcon.colcon_core.package_identification:_identify(.) by extensions ['cmake', 'python']
[0.218s] Level 1:colcon.colcon_core.package_identification:_identify(.) by extension 'cmake'
[0.218s] Level 1:colcon.colcon_core.package_identification:_identify(.) by extension 'python'
[0.218s] Level 1:colcon.colcon_core.package_identification:_identify(.) by extensions ['python_setup_py']
[0.218s] Level 1:colcon.colcon_core.package_identification:_identify(.) by extension 'python_setup_py'
[0.219s] Level 1:colcon.colcon_core.package_identification:_identify(build) by extensions ['ignore', 'ignore_ament_install']
[0.219s] Level 1:colcon.colcon_core.package_identification:_identify(build) by extension 'ignore'
[0.219s] Level 1:colcon.colcon_core.package_identification:_identify(build) ignored
[0.219s] Level 1:colcon.colcon_core.package_identification:_identify(edge_detector) by extensions ['ignore', 'ignore_ament_install']
[0.219s] Level 1:colcon.colcon_core.package_identification:_identify(edge_detector) by extension 'ignore'
[0.219s] Level 1:colcon.colcon_core.package_identification:_identify(edge_detector) by extension 'ignore_ament_install'
[0.219s] Level 1:colcon.colcon_core.package_identification:_identify(edge_detector) by extensions ['colcon_pkg']
[0.219s] Level 1:colcon.colcon_core.package_identification:_identify(edge_detector) by extension 'colcon_pkg'
[0.219s] Level 1:colcon.colcon_core.package_identification:_identify(edge_detector) by extensions ['colcon_meta']
[0.219s] Level 1:colcon.colcon_core.package_identification:_identify(edge_detector) by extension 'colcon_meta'
[0.219s] Level 1:colcon.colcon_core.package_identification:_identify(edge_detector) by extensions ['ros']
[0.219s] Level 1:colcon.colcon_core.package_identification:_identify(edge_detector) by extension 'ros'
[0.220s] DEBUG:colcon.colcon_core.package_identification:Package 'edge_detector' with type 'ros.ament_python' and name 'edge_detector'
[0.220s] Level 1:colcon.colcon_core.package_identification:_identify(install) by extensions ['ignore', 'ignore_ament_install']
[0.220s] Level 1:colcon.colcon_core.package_identification:_identify(install) by extension 'ignore'
[0.220s] Level 1:colcon.colcon_core.package_identification:_identify(install) ignored
[0.221s] Level 1:colcon.colcon_core.package_identification:_identify(log) by extensions ['ignore', 'ignore_ament_install']
[0.221s] Level 1:colcon.colcon_core.package_identification:_identify(log) by extension 'ignore'
[0.221s] Level 1:colcon.colcon_core.package_identification:_identify(log) ignored
[0.221s] Level 1:colcon.colcon_core.package_discovery:discover_packages(recursive) using defaults
[0.221s] Level 1:colcon.colcon_core.package_discovery:discover_packages(ignore) discover
[0.221s] Level 1:colcon.colcon_core.package_discovery:discover_packages(ignore) using defaults
[0.221s] Level 1:colcon.colcon_core.package_discovery:discover_packages(path) discover
[0.221s] Level 1:colcon.colcon_core.package_discovery:discover_packages(path) using defaults
[0.235s] Level 1:colcon.colcon_core.package_discovery:discover_packages(prefix_path) check parameters
[0.235s] Level 1:colcon.colcon_core.package_discovery:discover_packages(prefix_path) discover
[0.237s] DEBUG:colcon.colcon_installed_package_information.package_discovery:Found 373 installed packages in /opt/ros/humble
[0.238s] Level 1:colcon.colcon_core.package_discovery:discover_packages(prefix_path) using defaults
[0.281s] Level 5:colcon.colcon_core.verb:set package 'edge_detector' build argument 'cmake_args' from command line to 'None'
[0.281s] Level 5:colcon.colcon_core.verb:set package 'edge_detector' build argument 'cmake_target' from command line to 'None'
[0.281s] Level 5:colcon.colcon_core.verb:set package 'edge_detector' build argument 'cmake_target_skip_unavailable' from command line to 'False'
[0.281s] Level 5:colcon.colcon_core.verb:set package 'edge_detector' build argument 'cmake_clean_cache' from command line to 'False'
[0.281s] Level 5:colcon.colcon_core.verb:set package 'edge_detector' build argument 'cmake_clean_first' from command line to 'False'
[0.281s] Level 5:colcon.colcon_core.verb:set package 'edge_detector' build argument 'cmake_force_configure' from command line to 'False'
[0.281s] Level 5:colcon.colcon_core.verb:set package 'edge_detector' build argument 'ament_cmake_args' from command line to 'None'
[0.281s] Level 5:colcon.colcon_core.verb:set package 'edge_detector' build argument 'catkin_cmake_args' from command line to 'None'
[0.281s] Level 5:colcon.colcon_core.verb:set package 'edge_detector' build argument 'catkin_skip_building_tests' from command line to 'False'
[0.281s] DEBUG:colcon.colcon_core.verb:Building package 'edge_detector' with the following arguments: {'ament_cmake_args': None, 'build_base': '/home/ashmit/major_project/build/edge_detector', 'catkin_cmake_args': None, 'catkin_skip_building_tests': False, 'cmake_args': None, 'cmake_clean_cache': False, 'cmake_clean_first': False, 'cmake_force_configure': False, 'cmake_target': None, 'cmake_target_skip_unavailable': False, 'install_base': '/home/ashmit/major_project/install/edge_detector', 'merge_install': False, 'path': '/home/ashmit/major_project/edge_detector', 'symlink_install': False, 'test_result_base': None}
[0.282s] INFO:colcon.colcon_core.executor:Executing jobs using 'parallel' executor
[0.283s] DEBUG:colcon.colcon_parallel_executor.executor.parallel:run_until_complete
[0.284s] INFO:colcon.colcon_ros.task.ament_python.build:Building ROS package in '/home/ashmit/major_project/edge_detector' with build type 'ament_python'
[0.284s] Level 1:colcon.colcon_core.shell:create_environment_hook('edge_detector', 'ament_prefix_path')
[0.286s] INFO:colcon.colcon_core.plugin_system:Skipping extension 'colcon_core.shell.bat': Not used on non-Windows systems
[0.286s] INFO:colcon.colcon_core.shell:Creating environment hook '/home/ashmit/major_project/install/edge_detector/share/edge_detector/hook/ament_prefix_path.ps1'
[0.287s] INFO:colcon.colcon_core.shell:Creating environment descriptor '/home/ashmit/major_project/install/edge_detector/share/edge_detector/hook/ament_prefix_path.dsv'
[0.287s] INFO:colcon.colcon_core.shell:Creating environment hook '/home/ashmit/major_project/install/edge_detector/share/edge_detector/hook/ament_prefix_path.sh'
[0.288s] INFO:colcon.colcon_core.shell:Skip shell extension 'powershell' for command environment: Not usable outside of PowerShell
[0.288s] DEBUG:colcon.colcon_core.shell:Skip shell extension 'dsv' for command environment
[0.437s] INFO:colcon.colcon_core.task.python.build:Building Python package in '/home/ashmit/major_project/edge_detector'
[0.438s] INFO:colcon.colcon_core.shell:Skip shell extension 'powershell' for command environment: Not usable outside of PowerShell
[0.438s] DEBUG:colcon.colcon_core.shell:Skip shell extension 'dsv' for command environment
[0.643s] DEBUG:colcon.colcon_core.event_handler.log_command:Invoking command in '/home/ashmit/major_project/edge_detector': PYTHONPATH=/home/ashmit/major_project/build/edge_detector/prefix_override:/home/ashmit/major_project/install/edge_detector/lib/python3.10/site-packages:${PYTHONPATH} /usr/bin/python3 setup.py egg_info --egg-base ../build/edge_detector build --build-base /home/ashmit/major_project/build/edge_detector/build install --record /home/ashmit/major_project/build/edge_detector/install.log --single-version-externally-managed
[0.816s] DEBUG:colcon.colcon_core.event_handler.log_command:Invoked command in '/home/ashmit/major_project/edge_detector' returned '0': PYTHONPATH=/home/ashmit/major_project/build/edge_detector/prefix_override:/home/ashmit/major_project/install/edge_detector/lib/python3.10/site-packages:${PYTHONPATH} /usr/bin/python3 setup.py egg_info --egg-base ../build/edge_detector build --build-base /home/ashmit/major_project/build/edge_detector/build install --record /home/ashmit/major_project/build/edge_detector/install.log --single-version-externally-managed
[0.819s] Level 1:colcon.colcon_core.environment:checking '/home/ashmit/major_project/install/edge_detector' for CMake module files
[0.819s] Level 1:colcon.colcon_core.environment:checking '/home/ashmit/major_project/install/edge_detector' for CMake config files
[0.820s] Level 1:colcon.colcon_core.environment:checking '/home/ashmit/major_project/install/edge_detector/lib'
[0.820s] Level 1:colcon.colcon_core.environment:checking '/home/ashmit/major_project/install/edge_detector/bin'
[0.820s] Level 1:colcon.colcon_core.environment:checking '/home/ashmit/major_project/install/edge_detector/lib/pkgconfig/edge_detector.pc'
[0.820s] Level 1:colcon.colcon_core.environment:checking '/home/ashmit/major_project/install/edge_detector/lib/python3.10/site-packages'
[0.820s] Level 1:colcon.colcon_core.shell:create_environment_hook('edge_detector', 'pythonpath')
[0.821s] INFO:colcon.colcon_core.shell:Creating environment hook '/home/ashmit/major_project/install/edge_detector/share/edge_detector/hook/pythonpath.ps1'
[0.821s] INFO:colcon.colcon_core.shell:Creating environment descriptor '/home/ashmit/major_project/install/edge_detector/share/edge_detector/hook/pythonpath.dsv'
[0.822s] INFO:colcon.colcon_core.shell:Creating environment hook '/home/ashmit/major_project/install/edge_detector/share/edge_detector/hook/pythonpath.sh'
[0.822s] Level 1:colcon.colcon_core.environment:checking '/home/ashmit/major_project/install/edge_detector/bin'
[0.822s] Level 1:colcon.colcon_core.environment:create_environment_scripts_only(edge_detector)
[0.823s] INFO:colcon.colcon_core.shell:Creating package script '/home/ashmit/major_project/install/edge_detector/share/edge_detector/package.ps1'
[0.823s] INFO:colcon.colcon_core.shell:Creating package descriptor '/home/ashmit/major_project/install/edge_detector/share/edge_detector/package.dsv'
[0.824s] INFO:colcon.colcon_core.shell:Creating package script '/home/ashmit/major_project/install/edge_detector/share/edge_detector/package.sh'
[0.824s] INFO:colcon.colcon_core.shell:Creating package script '/home/ashmit/major_project/install/edge_detector/share/edge_detector/package.bash'
[0.825s] INFO:colcon.colcon_core.shell:Creating package script '/home/ashmit/major_project/install/edge_detector/share/edge_detector/package.zsh'
[0.825s] Level 1:colcon.colcon_core.environment:create_file_with_runtime_dependencies(/home/ashmit/major_project/install/edge_detector/share/colcon-core/packages/edge_detector)
[0.825s] DEBUG:colcon.colcon_parallel_executor.executor.parallel:closing loop
[0.826s] DEBUG:colcon.colcon_parallel_executor.executor.parallel:loop closed
[0.826s] DEBUG:colcon.colcon_parallel_executor.executor.parallel:run_until_complete finished with '0'
[0.826s] DEBUG:colcon.colcon_core.event_reactor:joining thread
[0.830s] INFO:colcon.colcon_core.plugin_system:Skipping extension 'colcon_notification.desktop_notification.terminal_notifier': Not used on non-Darwin systems
[0.830s] INFO:colcon.colcon_core.plugin_system:Skipping extension 'colcon_notification.desktop_notification.win32': Not used on non-Windows systems
[0.830s] INFO:colcon.colcon_notification.desktop_notification:Sending desktop notification using 'notify2'
[0.838s] DEBUG:colcon.colcon_core.event_reactor:joined thread
[0.839s] INFO:colcon.colcon_core.shell:Creating prefix script '/home/ashmit/major_project/install/local_setup.ps1'
[0.840s] INFO:colcon.colcon_core.shell:Creating prefix util module '/home/ashmit/major_project/install/_local_setup_util_ps1.py'
[0.841s] INFO:colcon.colcon_core.shell:Creating prefix chain script '/home/ashmit/major_project/install/setup.ps1'
[0.842s] INFO:colcon.colcon_core.shell:Creating prefix script '/home/ashmit/major_project/install/local_setup.sh'
[0.842s] INFO:colcon.colcon_core.shell:Creating prefix util module '/home/ashmit/major_project/install/_local_setup_util_sh.py'
[0.843s] INFO:colcon.colcon_core.shell:Creating prefix chain script '/home/ashmit/major_project/install/setup.sh'
[0.844s] INFO:colcon.colcon_core.shell:Creating prefix script '/home/ashmit/major_project/install/local_setup.bash'
[0.844s] INFO:colcon.colcon_core.shell:Creating prefix chain script '/home/ashmit/major_project/install/setup.bash'
[0.845s] INFO:colcon.colcon_core.shell:Creating prefix script '/home/ashmit/major_project/install/local_setup.zsh'
[0.846s] INFO:colcon.colcon_core.shell:Creating prefix chain script '/home/ashmit/major_project/install/setup.zsh'
